<?xml version="1.0" encoding="UTF-8"?>
<!-- Generated by org.testng.reporters.JUnitReportReporter -->
<testsuite hostname="AA-PC" name="framework_testng.DP.DataProvider_Example" tests="4" failures="0" timestamp="14 Oct 2019 04:03:56 GMT" time="0.016" errors="0">
  <testcase name="test_reg" time="0.000" classname="framework_testng.DP.DataProvider_Example"/>
  <testcase name="test_reg" time="0.016" classname="framework_testng.DP.DataProvider_Example"/>
  <testcase name="test_reg" time="0.000" classname="framework_testng.DP.DataProvider_Example"/>
  <testcase name="test_reg" time="0.000" classname="framework_testng.DP.DataProvider_Example"/>
</testsuite> <!-- framework_testng.DP.DataProvider_Example -->
