<?xml version="1.0" encoding="UTF-8"?>
<!-- Generated by org.testng.reporters.JUnitReportReporter -->
<testsuite hostname="AA-PC" name="framework_testng.My_Testng_Test" tests="3" failures="0" timestamp="13 Oct 2019 04:35:05 GMT" time="0.016" errors="0">
  <testcase name="tc001" time="0.016" classname="framework_testng.My_Testng_Test"/>
  <testcase name="tc002" time="0.000" classname="framework_testng.My_Testng_Test"/>
  <testcase name="tc003" time="0.000" classname="framework_testng.My_Testng_Test"/>
</testsuite> <!-- framework_testng.My_Testng_Test -->
