<?xml version="1.0" encoding="UTF-8"?>
<!-- Generated by org.testng.reporters.JUnitReportReporter -->
<testsuite hostname="AA-PC" name="framework_testng.BeforeMethod_And_AfterMethod" tests="2" failures="0" timestamp="13 Oct 2019 04:45:03 GMT" time="0.016" errors="0">
  <testcase name="tc002" time="0.016" classname="framework_testng.BeforeMethod_And_AfterMethod"/>
  <testcase name="tc001" time="0.000" classname="framework_testng.BeforeMethod_And_AfterMethod"/>
</testsuite> <!-- framework_testng.BeforeMethod_And_AfterMethod -->
