<?xml version="1.0" encoding="UTF-8"?>
<!-- Generated by org.testng.reporters.JUnitReportReporter -->
<testsuite hostname="AA-PC" name="framework_testng.BeforeTest_and_AfterTest.TestSuite1" tests="6" failures="0" timestamp="14 Oct 2019 03:04:09 GMT" time="0.011" errors="0">
  <testcase name="tc001" time="0.006" classname="framework_testng.BeforeTest_and_AfterTest.TestSuite1"/>
  <testcase name="tc002" time="0.001" classname="framework_testng.BeforeTest_and_AfterTest.TestSuite1"/>
  <testcase name="tc001" time="0.001" classname="framework_testng.BeforeTest_and_AfterTest.TestSuite1"/>
  <testcase name="tc002" time="0.001" classname="framework_testng.BeforeTest_and_AfterTest.TestSuite1"/>
  <testcase name="tc003" time="0.001" classname="framework_testng.BeforeTest_and_AfterTest.TestSuite1"/>
  <testcase name="tc003" time="0.001" classname="framework_testng.BeforeTest_and_AfterTest.TestSuite1"/>
</testsuite> <!-- framework_testng.BeforeTest_and_AfterTest.TestSuite1 -->
