<?xml version="1.0" encoding="UTF-8"?>
<!-- Generated by org.testng.reporters.JUnitReportReporter -->
<testsuite hostname="AA-PC" name="framework_testng.BeforeTest_and_AfterTest.Test_for_Chrome" tests="1" failures="0" timestamp="14 Oct 2019 03:04:09 GMT" time="0.000" errors="0">
  <testcase name="login" time="0.000" classname="framework_testng.BeforeTest_and_AfterTest.Test_for_Chrome"/>
</testsuite> <!-- framework_testng.BeforeTest_and_AfterTest.Test_for_Chrome -->
