<?xml version="1.0" encoding="UTF-8"?>
<!-- Generated by org.testng.reporters.JUnitReportReporter -->
<testsuite hostname="AA-PC" name="framework_testng.Testng_Method_Dependencies" tests="5" failures="0" timestamp="13 Oct 2019 05:51:23 GMT" time="0.000" errors="0">
  <testcase name="Verify_Email_At_Sentemails" time="0.000" classname="framework_testng.Testng_Method_Dependencies"/>
  <testcase name="Browser_launch" time="0.000" classname="framework_testng.Testng_Method_Dependencies"/>
  <testcase name="ComposeEmail" time="0.000" classname="framework_testng.Testng_Method_Dependencies"/>
  <testcase name="User_login" time="0.000" classname="framework_testng.Testng_Method_Dependencies"/>
  <testcase name="App_Load" time="0.000" classname="framework_testng.Testng_Method_Dependencies"/>
</testsuite> <!-- framework_testng.Testng_Method_Dependencies -->
