<?xml version="1.0" encoding="UTF-8"?>
<!-- Generated by org.testng.reporters.JUnitReportReporter -->
<testsuite hostname="AA-PC" name="framework_testng.DP.DataProvier_From_Diff_Class" tests="5" failures="0" timestamp="14 Oct 2019 04:06:43 GMT" time="0.000" errors="0">
  <testcase name="get_user_info" time="0.000" classname="framework_testng.DP.DataProvier_From_Diff_Class"/>
  <testcase name="get_user_info" time="0.000" classname="framework_testng.DP.DataProvier_From_Diff_Class"/>
  <testcase name="get_user_info" time="0.000" classname="framework_testng.DP.DataProvier_From_Diff_Class"/>
  <testcase name="get_user_info" time="0.000" classname="framework_testng.DP.DataProvier_From_Diff_Class"/>
  <testcase name="get_user_info" time="0.000" classname="framework_testng.DP.DataProvier_From_Diff_Class"/>
</testsuite> <!-- framework_testng.DP.DataProvier_From_Diff_Class -->
