<?xml version="1.0" encoding="UTF-8"?>
<!-- Generated by org.testng.reporters.JUnitReportReporter -->
<testsuite hostname="AA-PC" name="framework_testng.Method_Ignore" tests="2" failures="0" timestamp="13 Oct 2019 05:38:16 GMT" time="0.000" errors="0">
  <testcase name="tc001" time="0.000" classname="framework_testng.Method_Ignore"/>
  <testcase name="tc003" time="0.000" classname="framework_testng.Method_Ignore"/>
</testsuite> <!-- framework_testng.Method_Ignore -->
