<?xml version="1.0" encoding="UTF-8"?>
<!-- Generated by org.testng.reporters.JUnitReportReporter -->
<testsuite hostname="AA-PC" name="framework_testng.WebDriver_Testcase" tests="3" failures="0" timestamp="13 Oct 2019 05:00:58 GMT" time="13.113" errors="0">
  <testcase name="Tc001_Signup_link" time="4.109" classname="framework_testng.WebDriver_Testcase"/>
  <testcase name="Tc002_Login_link" time="2.888" classname="framework_testng.WebDriver_Testcase"/>
  <testcase name="Tc003_Messenger_link" time="6.116" classname="framework_testng.WebDriver_Testcase"/>
</testsuite> <!-- framework_testng.WebDriver_Testcase -->
