<?xml version="1.0" encoding="UTF-8"?>
<!-- Generated by org.testng.reporters.JUnitReportReporter -->
<testsuite hostname="AA-PC" name="framework_testng.TestSuite.Class2" tests="2" failures="0" timestamp="13 Oct 2019 06:17:49 GMT" time="0.000" errors="0">
  <testcase name="tc004" time="0.000" classname="framework_testng.TestSuite.Class2"/>
  <testcase name="tc006" time="0.000" classname="framework_testng.TestSuite.Class2"/>
</testsuite> <!-- framework_testng.TestSuite.Class2 -->
