<?xml version="1.0" encoding="UTF-8"?>
<!-- Generated by org.testng.reporters.JUnitReportReporter -->
<testsuite hostname="AA-PC" name="framework_testng.DP.DataProvider_With_Excel_Intergration" tests="15" failures="0" timestamp="14 Oct 2019 04:12:52 GMT" time="0.002" errors="0">
  <testcase name="Verify_login" time="0.000" classname="framework_testng.DP.DataProvider_With_Excel_Intergration"/>
  <testcase name="Verify_login" time="0.000" classname="framework_testng.DP.DataProvider_With_Excel_Intergration"/>
  <testcase name="Verify_login" time="0.000" classname="framework_testng.DP.DataProvider_With_Excel_Intergration"/>
  <testcase name="Verify_login" time="0.000" classname="framework_testng.DP.DataProvider_With_Excel_Intergration"/>
  <testcase name="Verify_login" time="0.000" classname="framework_testng.DP.DataProvider_With_Excel_Intergration"/>
  <testcase name="Verify_login" time="0.001" classname="framework_testng.DP.DataProvider_With_Excel_Intergration"/>
  <testcase name="Verify_login" time="0.000" classname="framework_testng.DP.DataProvider_With_Excel_Intergration"/>
  <testcase name="Verify_login" time="0.000" classname="framework_testng.DP.DataProvider_With_Excel_Intergration"/>
  <testcase name="Verify_login" time="0.000" classname="framework_testng.DP.DataProvider_With_Excel_Intergration"/>
  <testcase name="Verify_login" time="0.000" classname="framework_testng.DP.DataProvider_With_Excel_Intergration"/>
  <testcase name="Verify_login" time="0.001" classname="framework_testng.DP.DataProvider_With_Excel_Intergration"/>
  <testcase name="Verify_login" time="0.000" classname="framework_testng.DP.DataProvider_With_Excel_Intergration"/>
  <testcase name="Verify_login" time="0.000" classname="framework_testng.DP.DataProvider_With_Excel_Intergration"/>
  <testcase name="Verify_login" time="0.000" classname="framework_testng.DP.DataProvider_With_Excel_Intergration"/>
  <testcase name="Verify_login" time="0.000" classname="framework_testng.DP.DataProvider_With_Excel_Intergration"/>
</testsuite> <!-- framework_testng.DP.DataProvider_With_Excel_Intergration -->
