<?xml version="1.0" encoding="UTF-8"?>
<!-- Generated by org.testng.reporters.JUnitReportReporter -->
<testsuite hostname="AA-PC" name="framework_testng.Method_priority" tests="3" failures="0" timestamp="13 Oct 2019 05:31:42 GMT" time="0.031" errors="0">
  <testcase name="f" time="0.016" classname="framework_testng.Method_priority"/>
  <testcase name="x" time="0.000" classname="framework_testng.Method_priority"/>
  <testcase name="a" time="0.015" classname="framework_testng.Method_priority"/>
</testsuite> <!-- framework_testng.Method_priority -->
