<?xml version="1.0" encoding="UTF-8"?>
<!-- Generated by org.testng.reporters.JUnitReportReporter -->
<testsuite hostname="AA-PC" name="framework_testng.BeforeTest_and_AfterTest.Test_For_Firefox" tests="1" failures="0" timestamp="14 Oct 2019 03:04:09 GMT" time="0.001" errors="0">
  <testcase name="login" time="0.001" classname="framework_testng.BeforeTest_and_AfterTest.Test_For_Firefox"/>
</testsuite> <!-- framework_testng.BeforeTest_and_AfterTest.Test_For_Firefox -->
