<?xml version="1.0" encoding="UTF-8"?>
<!-- Generated by org.testng.reporters.JUnitReportReporter -->
<testsuite hostname="AA-PC" name="framework_testng.BeforeClass_And_AfterClass" tests="2" failures="0" timestamp="13 Oct 2019 04:41:59 GMT" time="0.015" errors="0">
  <testcase name="tc001" time="0.015" classname="framework_testng.BeforeClass_And_AfterClass"/>
  <testcase name="tc002" time="0.000" classname="framework_testng.BeforeClass_And_AfterClass"/>
</testsuite> <!-- framework_testng.BeforeClass_And_AfterClass -->
